#
# There is insufficient memory for the Java Runtime Environment to continue.
# Native memory allocation (mmap) failed to map 117440512 bytes for committing reserved memory.
# Possible reasons:
#   The system is out of physical RAM or swap space
#   In 32 bit mode, the process size limit was hit
# Possible solutions:
#   Reduce memory load on the system
#   Increase physical memory or swap space
#   Check if swap backing store is full
#   Use 64 bit Java on a 64 bit OS
#   Decrease Java heap size (-Xmx/-Xms)
#   Decrease number of Java threads
#   Decrease Java thread stack sizes (-Xss)
#   Set larger code cache with -XX:ReservedCodeCacheSize=
# This output file may be truncated or incomplete.
#
#  Out of Memory Error (os_linux.cpp:2627), pid=11283, tid=139843795400448
#
# JRE version: Java(TM) SE Runtime Environment (8.0_66-b17) (build 1.8.0_66-b17)
# Java VM: Java HotSpot(TM) 64-Bit Server VM (25.66-b17 mixed mode linux-amd64 compressed oops)
# Failed to write core dump. Core dumps have been disabled. To enable core dumping, try "ulimit -c unlimited" before starting Java again
#

---------------  T H R E A D  ---------------

Current thread (0x00007f300813d800):  VMThread [stack: 0x00007f2febafb000,0x00007f2febbfc000] [id=11289]

Stack: [0x00007f2febafb000,0x00007f2febbfc000],  sp=0x00007f2febbf9f60,  free space=1019k
Native frames: (J=compiled Java code, j=interpreted, Vv=VM code, C=native code)
V  [libjvm.so+0xab9a1a]  VMError::report_and_die()+0x2ba
V  [libjvm.so+0x4f9e0b]  report_vm_out_of_memory(char const*, int, unsigned long, VMErrorType, char const*)+0x8b
V  [libjvm.so+0x91a8a3]  os::Linux::commit_memory_impl(char*, unsigned long, bool)+0x103
V  [libjvm.so+0x91adf9]  os::pd_commit_memory(char*, unsigned long, unsigned long, bool)+0x29
V  [libjvm.so+0x91510a]  os::commit_memory(char*, unsigned long, unsigned long, bool)+0x2a
V  [libjvm.so+0x9887a3]  PSVirtualSpace::expand_by(unsigned long)+0x53
V  [libjvm.so+0x989ba8]  PSYoungGen::resize_generation(unsigned long, unsigned long)+0xf8
V  [libjvm.so+0x988d02]  PSYoungGen::resize(unsigned long, unsigned long)+0x22
V  [libjvm.so+0x985fdb]  PSScavenge::invoke_no_policy()+0xf3b
V  [libjvm.so+0x986761]  PSScavenge::invoke()+0x41
V  [libjvm.so+0x93e500]  ParallelScavengeHeap::failed_mem_allocate(unsigned long)+0x70
V  [libjvm.so+0xabb437]  VM_ParallelGCFailedAllocation::doit()+0x97
V  [libjvm.so+0xac2e65]  VM_Operation::evaluate()+0x55
V  [libjvm.so+0xac123a]  VMThread::evaluate_operation(VM_Operation*)+0xba
V  [libjvm.so+0xac15fd]  VMThread::loop()+0x20d
V  [libjvm.so+0xac1a30]  VMThread::run()+0x70
V  [libjvm.so+0x91cc68]  java_start(Thread*)+0x108

VM_Operation (0x00007f2feac04350): ParallelGCFailedAllocation, mode: safepoint, requested by thread 0x00007f2fa802f000


---------------  P R O C E S S  ---------------

Java Threads: ( => current thread )
  0x00007f2f90003000 JavaThread "JMX server connection timeout 22" daemon [_thread_blocked, id=11316, stack(0x00007f2fe8fe8000,0x00007f2fe90e9000)]
  0x00007f2f9400e000 JavaThread "JMX server connection timeout 21" daemon [_thread_blocked, id=11315, stack(0x00007f2fe90e9000,0x00007f2fe91ea000)]
  0x00007f2f9400b800 JavaThread "RMI Scheduler(0)" daemon [_thread_blocked, id=11314, stack(0x00007f2fe91ea000,0x00007f2fe92eb000)]
  0x00007f2f9c005000 JavaThread "RMI TCP Connection(2)-127.0.0.1" daemon [_thread_in_native, id=11313, stack(0x00007f2fe92eb000,0x00007f2fe93ec000)]
  0x00007f2f9c003000 JavaThread "RMI TCP Connection(1)-127.0.0.1" daemon [_thread_in_native, id=11312, stack(0x00007f2fe93ec000,0x00007f2fe94ed000)]
  0x00007f2f98043800 JavaThread "RMI TCP Accept-0" daemon [_thread_in_native, id=11309, stack(0x00007f2fe94ed000,0x00007f2fe95ee000)]
  0x00007f2fc8002800 JavaThread "Attach Listener" daemon [_thread_blocked, id=11305, stack(0x00007f2fe9bf2000,0x00007f2fe9cf3000)]
  0x00007f2fc8001000 JavaThread "Attach Listener" daemon [_thread_blocked, id=11304, stack(0x00007f2fe9cf3000,0x00007f2fe9df4000)]
  0x00007f2fa802f000 JavaThread "process reaper" daemon [_thread_blocked, id=11301, stack(0x00007f2feabcd000,0x00007f2feac06000)]
  0x00007f300825b800 JavaThread "surefire-forkedjvm-ping-30s" daemon [_thread_blocked, id=11299, stack(0x00007f2feaee8000,0x00007f2feafe9000)]
  0x00007f3008242000 JavaThread "surefire-forkedjvm-command-thread" daemon [_thread_in_native, id=11298, stack(0x00007f2feb1f2000,0x00007f2feb2f3000)]
  0x00007f3008188800 JavaThread "Service Thread" daemon [_thread_blocked, id=11296, stack(0x00007f2feb3f4000,0x00007f2feb4f5000)]
  0x00007f3008183000 JavaThread "C1 CompilerThread2" daemon [_thread_blocked, id=11295, stack(0x00007f2feb4f5000,0x00007f2feb5f6000)]
  0x00007f3008181800 JavaThread "C2 CompilerThread1" daemon [_thread_blocked, id=11294, stack(0x00007f2feb5f6000,0x00007f2feb6f7000)]
  0x00007f300817e800 JavaThread "C2 CompilerThread0" daemon [_thread_blocked, id=11293, stack(0x00007f2feb6f7000,0x00007f2feb7f8000)]
  0x00007f300817d000 JavaThread "Signal Dispatcher" daemon [_thread_blocked, id=11292, stack(0x00007f2feb7f8000,0x00007f2feb8f9000)]
  0x00007f3008145000 JavaThread "Finalizer" daemon [_thread_blocked, id=11291, stack(0x00007f2feb8f9000,0x00007f2feb9fa000)]
  0x00007f3008143000 JavaThread "Reference Handler" daemon [_thread_blocked, id=11290, stack(0x00007f2feb9fa000,0x00007f2febafb000)]
  0x00007f3008008800 JavaThread "main" [_thread_blocked, id=11284, stack(0x00007f300fdcd000,0x00007f300fece000)]

Other Threads:
=>0x00007f300813d800 VMThread [stack: 0x00007f2febafb000,0x00007f2febbfc000] [id=11289]
  0x00007f300818b800 WatcherThread [stack: 0x00007f2feb2f3000,0x00007f2feb3f4000] [id=11297]

VM state:at safepoint (normal execution)

VM Mutex/Monitor currently owned by a thread:  ([mutex/lock_event])
[0x00007f3008005f40] Threads_lock - owner thread: 0x00007f300813d800
[0x00007f3008006440] Heap_lock - owner thread: 0x00007f2fa802f000

Heap:
 PSYoungGen      total 130048K, used 5089K [0x00000000d7c00000, 0x00000000e0000000, 0x0000000100000000)
  eden space 124928K, 0% used [0x00000000d7c00000,0x00000000d7c00000,0x00000000df600000)
  from space 5120K, 99% used [0x00000000df600000,0x00000000dfaf8658,0x00000000dfb00000)
  to   space 5120K, 0% used [0x00000000dfb00000,0x00000000dfb00000,0x00000000e0000000)
 ParOldGen       total 46592K, used 14040K [0x0000000087400000, 0x000000008a180000, 0x00000000d7c00000)
  object space 46592K, 30% used [0x0000000087400000,0x00000000881b6398,0x000000008a180000)
 Metaspace       used 31463K, capacity 33254K, committed 33536K, reserved 1079296K
  class space    used 4236K, capacity 4580K, committed 4608K, reserved 1048576K

Card table byte_map: [0x00007f300cdfa000,0x00007f300d1c1000] byte_map_base: 0x00007f300c9c0000

Marking Bits: (ParMarkBitMap*) 0x00007f300f2a3020
 Begin Bits: [0x00007f2ff03a0000, 0x00007f2ff21d0000)
 End Bits:   [0x00007f2ff21d0000, 0x00007f2ff4000000)

Polling page: 0x00007f300fee6000

CodeCache: size=245760Kb used=8654Kb max_used=8660Kb free=237105Kb
 bounds [0x00007f2ff9000000, 0x00007f2ff9880000, 0x00007f3008000000]
 total_blobs=3118 nmethods=2710 adapters=321
 compilation: enabled

Compilation events (10 events):
Event: 10.583 Thread 0x00007f3008183000 2727       3       org.springframework.core.convert.converter.GenericConverter$ConvertiblePair::<init> (27 bytes)
Event: 10.584 Thread 0x00007f3008183000 nmethod 2727 0x00007f2ff98790d0 code [0x00007f2ff9879280, 0x00007f2ff98796d8]
Event: 10.634 Thread 0x00007f300817e800 2728       4       java.util.concurrent.CopyOnWriteArrayList$COWIterator::hasNext (18 bytes)
Event: 10.635 Thread 0x00007f300817e800 nmethod 2728 0x00007f2ff9877950 code [0x00007f2ff9877aa0, 0x00007f2ff9877b38]
Event: 10.703 Thread 0x00007f3008183000 2729       3       org.springframework.beans.factory.support.AbstractBeanDefinition::setFactoryBeanName (6 bytes)
Event: 10.703 Thread 0x00007f3008183000 nmethod 2729 0x00007f2ff9877610 code [0x00007f2ff9877760, 0x00007f2ff98778d0]
Event: 10.842 Thread 0x00007f3008183000 2730       3       java.lang.invoke.MethodType::methodType (14 bytes)
Event: 10.843 Thread 0x00007f3008183000 nmethod 2730 0x00007f2ff9877090 code [0x00007f2ff9877200, 0x00007f2ff9877528]
Event: 10.843 Thread 0x00007f3008183000 2731       3       java.lang.invoke.BoundMethodHandle::rebind (14 bytes)
Event: 10.844 Thread 0x00007f3008183000 nmethod 2731 0x00007f2ff98784d0 code [0x00007f2ff98786a0, 0x00007f2ff9878d98]

GC Heap History (10 events):
Event: 0.953 GC heap after
Heap after GC invocations=1 (full 0):
 PSYoungGen      total 36352K, used 3946K [0x00000000d7c00000, 0x00000000dc300000, 0x0000000100000000)
  eden space 31232K, 0% used [0x00000000d7c00000,0x00000000d7c00000,0x00000000d9a80000)
  from space 5120K, 77% used [0x00000000d9a80000,0x00000000d9e5a8d0,0x00000000d9f80000)
  to   space 5120K, 0% used [0x00000000dbe00000,0x00000000dbe00000,0x00000000dc300000)
 ParOldGen       total 83456K, used 16K [0x0000000087400000, 0x000000008c580000, 0x00000000d7c00000)
  object space 83456K, 0% used [0x0000000087400000,0x0000000087404000,0x000000008c580000)
 Metaspace       used 8363K, capacity 8916K, committed 9216K, reserved 1056768K
  class space    used 1063K, capacity 1215K, committed 1280K, reserved 1048576K
}
Event: 1.485 GC heap before
{Heap before GC invocations=2 (full 0):
 PSYoungGen      total 36352K, used 35178K [0x00000000d7c00000, 0x00000000dc300000, 0x0000000100000000)
  eden space 31232K, 100% used [0x00000000d7c00000,0x00000000d9a80000,0x00000000d9a80000)
  from space 5120K, 77% used [0x00000000d9a80000,0x00000000d9e5a8d0,0x00000000d9f80000)
  to   space 5120K, 0% used [0x00000000dbe00000,0x00000000dbe00000,0x00000000dc300000)
 ParOldGen       total 83456K, used 16K [0x0000000087400000, 0x000000008c580000, 0x00000000d7c00000)
  object space 83456K, 0% used [0x0000000087400000,0x0000000087404000,0x000000008c580000)
 Metaspace       used 12751K, capacity 13656K, committed 13952K, reserved 1060864K
  class space    used 1631K, capacity 1825K, committed 1920K, reserved 1048576K
Event: 1.490 GC heap after
Heap after GC invocations=2 (full 0):
 PSYoungGen      total 67584K, used 5113K [0x00000000d7c00000, 0x00000000dc300000, 0x0000000100000000)
  eden space 62464K, 0% used [0x00000000d7c00000,0x00000000d7c00000,0x00000000db900000)
  from space 5120K, 99% used [0x00000000dbe00000,0x00000000dc2fe518,0x00000000dc300000)
  to   space 5120K, 0% used [0x00000000db900000,0x00000000db900000,0x00000000dbe00000)
 ParOldGen       total 83456K, used 636K [0x0000000087400000, 0x000000008c580000, 0x00000000d7c00000)
  object space 83456K, 0% used [0x0000000087400000,0x000000008749f068,0x000000008c580000)
 Metaspace       used 12751K, capacity 13656K, committed 13952K, reserved 1060864K
  class space    used 1631K, capacity 1825K, committed 1920K, reserved 1048576K
}
Event: 2.050 GC heap before
{Heap before GC invocations=3 (full 0):
 PSYoungGen      total 67584K, used 67577K [0x00000000d7c00000, 0x00000000dc300000, 0x0000000100000000)
  eden space 62464K, 100% used [0x00000000d7c00000,0x00000000db900000,0x00000000db900000)
  from space 5120K, 99% used [0x00000000dbe00000,0x00000000dc2fe518,0x00000000dc300000)
  to   space 5120K, 0% used [0x00000000db900000,0x00000000db900000,0x00000000dbe00000)
 ParOldGen       total 83456K, used 636K [0x0000000087400000, 0x000000008c580000, 0x00000000d7c00000)
  object space 83456K, 0% used [0x0000000087400000,0x000000008749f068,0x000000008c580000)
 Metaspace       used 18375K, capacity 19578K, committed 19712K, reserved 1067008K
  class space    used 2501K, capacity 2728K, committed 2816K, reserved 1048576K
Event: 2.057 GC heap after
Heap after GC invocations=3 (full 0):
 PSYoungGen      total 67584K, used 5103K [0x00000000d7c00000, 0x00000000e0000000, 0x0000000100000000)
  eden space 62464K, 0% used [0x00000000d7c00000,0x00000000d7c00000,0x00000000db900000)
  from space 5120K, 99% used [0x00000000db900000,0x00000000dbdfbdf0,0x00000000dbe00000)
  to   space 5120K, 0% used [0x00000000dfb00000,0x00000000dfb00000,0x00000000e0000000)
 ParOldGen       total 83456K, used 4050K [0x0000000087400000, 0x000000008c580000, 0x00000000d7c00000)
  object space 83456K, 4% used [0x0000000087400000,0x00000000877f4960,0x000000008c580000)
 Metaspace       used 18375K, capacity 19578K, committed 19712K, reserved 1067008K
  class space    used 2501K, capacity 2728K, committed 2816K, reserved 1048576K
}
Event: 2.150 GC heap before
{Heap before GC invocations=4 (full 0):
 PSYoungGen      total 67584K, used 23109K [0x00000000d7c00000, 0x00000000e0000000, 0x0000000100000000)
  eden space 62464K, 28% used [0x00000000d7c00000,0x00000000d8d95878,0x00000000db900000)
  from space 5120K, 99% used [0x00000000db900000,0x00000000dbdfbdf0,0x00000000dbe00000)
  to   space 5120K, 0% used [0x00000000dfb00000,0x00000000dfb00000,0x00000000e0000000)
 ParOldGen       total 83456K, used 4050K [0x0000000087400000, 0x000000008c580000, 0x00000000d7c00000)
  object space 83456K, 4% used [0x0000000087400000,0x00000000877f4960,0x000000008c580000)
 Metaspace       used 19919K, capacity 21162K, committed 21248K, reserved 1067008K
  class space    used 2729K, capacity 2988K, committed 3072K, reserved 1048576K
Event: 2.183 GC heap after
Heap after GC invocations=4 (full 0):
 PSYoungGen      total 130048K, used 5116K [0x00000000d7c00000, 0x00000000e0000000, 0x0000000100000000)
  eden space 124928K, 0% used [0x00000000d7c00000,0x00000000d7c00000,0x00000000df600000)
  from space 5120K, 99% used [0x00000000dfb00000,0x00000000dffff158,0x00000000e0000000)
  to   space 5120K, 0% used [0x00000000df600000,0x00000000df600000,0x00000000dfb00000)
 ParOldGen       total 83456K, used 5391K [0x0000000087400000, 0x000000008c580000, 0x00000000d7c00000)
  object space 83456K, 6% used [0x0000000087400000,0x0000000087943c80,0x000000008c580000)
 Metaspace       used 19919K, capacity 21162K, committed 21248K, reserved 1067008K
  class space    used 2729K, capacity 2988K, committed 3072K, reserved 1048576K
}
Event: 2.183 GC heap before
{Heap before GC invocations=5 (full 1):
 PSYoungGen      total 130048K, used 5116K [0x00000000d7c00000, 0x00000000e0000000, 0x0000000100000000)
  eden space 124928K, 0% used [0x00000000d7c00000,0x00000000d7c00000,0x00000000df600000)
  from space 5120K, 99% used [0x00000000dfb00000,0x00000000dffff158,0x00000000e0000000)
  to   space 5120K, 0% used [0x00000000df600000,0x00000000df600000,0x00000000dfb00000)
 ParOldGen       total 83456K, used 5391K [0x0000000087400000, 0x000000008c580000, 0x00000000d7c00000)
  object space 83456K, 6% used [0x0000000087400000,0x0000000087943c80,0x000000008c580000)
 Metaspace       used 19919K, capacity 21162K, committed 21248K, reserved 1067008K
  class space    used 2729K, capacity 2988K, committed 3072K, reserved 1048576K
Event: 2.239 GC heap after
Heap after GC invocations=5 (full 1):
 PSYoungGen      total 130048K, used 0K [0x00000000d7c00000, 0x00000000e0000000, 0x0000000100000000)
  eden space 124928K, 0% used [0x00000000d7c00000,0x00000000d7c00000,0x00000000df600000)
  from space 5120K, 0% used [0x00000000dfb00000,0x00000000dfb00000,0x00000000e0000000)
  to   space 5120K, 0% used [0x00000000df600000,0x00000000df600000,0x00000000dfb00000)
 ParOldGen       total 46592K, used 6242K [0x0000000087400000, 0x000000008a180000, 0x00000000d7c00000)
  object space 46592K, 13% used [0x0000000087400000,0x0000000087a189d8,0x000000008a180000)
 Metaspace       used 19919K, capacity 21162K, committed 21248K, reserved 1067008K
  class space    used 2729K, capacity 2988K, committed 3072K, reserved 1048576K
}
Event: 10.894 GC heap before
{Heap before GC invocations=6 (full 1):
 PSYoungGen      total 130048K, used 124928K [0x00000000d7c00000, 0x00000000e0000000, 0x0000000100000000)
  eden space 124928K, 100% used [0x00000000d7c00000,0x00000000df600000,0x00000000df600000)
  from space 5120K, 0% used [0x00000000dfb00000,0x00000000dfb00000,0x00000000e0000000)
  to   space 5120K, 0% used [0x00000000df600000,0x00000000df600000,0x00000000dfb00000)
 ParOldGen       total 46592K, used 6242K [0x0000000087400000, 0x000000008a180000, 0x00000000d7c00000)
  object space 46592K, 13% used [0x0000000087400000,0x0000000087a189d8,0x000000008a180000)
 Metaspace       used 31463K, capacity 33254K, committed 33536K, reserved 1079296K
  class space    used 4236K, capacity 4580K, committed 4608K, reserved 1048576K

Deoptimization events (10 events):
Event: 3.989 Thread 0x00007f3008008800 Uncommon trap: reason=class_check action=maybe_recompile pc=0x00007f2ff9628fe4 method=java.util.HashSet.contains(Ljava/lang/Object;)Z @ 5
Event: 4.596 Thread 0x00007f3008008800 Uncommon trap: reason=unstable_if action=reinterpret pc=0x00007f2ff966b1fc method=java.net.URLClassLoader.definePackageInternal(Ljava/lang/String;Ljava/util/jar/Manifest;Ljava/net/URL;)V @ 11
Event: 4.687 Thread 0x00007f3008008800 Uncommon trap: reason=class_check action=maybe_recompile pc=0x00007f2ff9713e8c method=org.springframework.util.ConcurrentReferenceHashMap$Segment.findInChain(Lorg/springframework/util/ConcurrentReferenceHashMap$Reference;Ljava/lang/Object;I)Lorg/springfra
Event: 8.312 Thread 0x00007f3008008800 Uncommon trap: reason=unstable_if action=reinterpret pc=0x00007f2ff97eb030 method=org.springframework.beans.factory.support.AbstractBeanFactory.isTypeMatch(Ljava/lang/String;Lorg/springframework/core/ResolvableType;Z)Z @ 99
Event: 8.980 Thread 0x00007f3008008800 Uncommon trap: reason=unstable_if action=reinterpret pc=0x00007f2ff97aad74 method=org.springframework.beans.factory.support.AbstractBeanFactory.getMergedLocalBeanDefinition(Ljava/lang/String;)Lorg/springframework/beans/factory/support/RootBeanDefinition; 
Event: 9.060 Thread 0x00007f3008008800 Uncommon trap: reason=unstable_if action=reinterpret pc=0x00007f2ff97c5e28 method=org.springframework.beans.factory.support.DefaultSingletonBeanRegistry.getSingleton(Ljava/lang/String;Z)Ljava/lang/Object; @ 20
Event: 9.256 Thread 0x00007f3008008800 Uncommon trap: reason=unstable_if action=reinterpret pc=0x00007f2ff9713ed0 method=org.springframework.util.ConcurrentReferenceHashMap$Segment.findInChain(Lorg/springframework/util/ConcurrentReferenceHashMap$Reference;Ljava/lang/Object;I)Lorg/springframewo
Event: 9.685 Thread 0x00007f3008008800 Uncommon trap: reason=unstable_if action=reinterpret pc=0x00007f2ff9710bc4 method=org.springframework.util.ConcurrentReferenceHashMap$Segment.findInChain(Lorg/springframework/util/ConcurrentReferenceHashMap$Reference;Ljava/lang/Object;I)Lorg/springframewo
Event: 9.824 Thread 0x00007f3008008800 Uncommon trap: reason=unstable_if action=reinterpret pc=0x00007f2ff96ee378 method=org.springframework.util.ConcurrentReferenceHashMap$Segment.findInChain(Lorg/springframework/util/ConcurrentReferenceHashMap$Reference;Ljava/lang/Object;I)Lorg/springframewo
Event: 10.436 Thread 0x00007f3008008800 Uncommon trap: reason=unstable_if action=reinterpret pc=0x00007f2ff9832a10 method=org.springframework.beans.factory.support.AbstractAutowireCapableBeanFactory.predictBeanType(Ljava/lang/String;Lorg/springframework/beans/factory/support/RootBeanDefinition;

Internal exceptions (10 events):
Event: 8.031 Thread 0x00007f2f9c005000 Exception <a 'java/lang/ClassNotFoundException': org/springframework/boot/actuate/endpoint/jmx/DataEndpointMBean> (0x00000000de438700) thrown at [/HUDSON/workspace/8-2-build-linux-amd64/jdk8u66/4988/hotspot/src/share/vm/classfile/systemDictionary.cpp, lin
Event: 8.031 Thread 0x00007f2f9c003000 Exception <a 'java/lang/ClassNotFoundException': org/springframework/boot/actuate/endpoint/jmx/DataEndpointMBean> (0x00000000de4d2d30) thrown at [/HUDSON/workspace/8-2-build-linux-amd64/jdk8u66/4988/hotspot/src/share/vm/classfile/systemDictionary.cpp, lin
Event: 8.031 Thread 0x00007f2f9c005000 Exception <a 'java/lang/ClassNotFoundException': org/springframework/context/support/LiveBeansView> (0x00000000de438c40) thrown at [/HUDSON/workspace/8-2-build-linux-amd64/jdk8u66/4988/hotspot/src/share/vm/classfile/systemDictionary.cpp, line 210]
Event: 8.031 Thread 0x00007f2f9c003000 Exception <a 'java/lang/ClassNotFoundException': org/springframework/context/support/LiveBeansView> (0x00000000de4d3270) thrown at [/HUDSON/workspace/8-2-build-linux-amd64/jdk8u66/4988/hotspot/src/share/vm/classfile/systemDictionary.cpp, line 210]
Event: 8.031 Thread 0x00007f2f9c005000 Exception <a 'java/lang/ClassNotFoundException': org/springframework/boot/actuate/endpoint/jmx/EndpointMBean> (0x00000000de438f98) thrown at [/HUDSON/workspace/8-2-build-linux-amd64/jdk8u66/4988/hotspot/src/share/vm/classfile/systemDictionary.cpp, line 21
Event: 8.031 Thread 0x00007f2f9c003000 Exception <a 'java/lang/ClassNotFoundException': org/springframework/boot/actuate/endpoint/jmx/EndpointMBean> (0x00000000de4d35c8) thrown at [/HUDSON/workspace/8-2-build-linux-amd64/jdk8u66/4988/hotspot/src/share/vm/classfile/systemDictionary.cpp, line 21
Event: 8.031 Thread 0x00007f2f9c005000 Exception <a 'java/lang/ClassNotFoundException': org/springframework/boot/actuate/endpoint/jmx/DataEndpointMBean> (0x00000000de4394e0) thrown at [/HUDSON/workspace/8-2-build-linux-amd64/jdk8u66/4988/hotspot/src/share/vm/classfile/systemDictionary.cpp, lin
Event: 8.031 Thread 0x00007f2f9c005000 Exception <a 'java/lang/ClassNotFoundException': org/springframework/context/support/LiveBeansView> (0x00000000de439a10) thrown at [/HUDSON/workspace/8-2-build-linux-amd64/jdk8u66/4988/hotspot/src/share/vm/classfile/systemDictionary.cpp, line 210]
Event: 8.032 Thread 0x00007f2f9c003000 Exception <a 'java/lang/ClassNotFoundException': org/springframework/boot/actuate/endpoint/jmx/DataEndpointMBean> (0x00000000de4d3b10) thrown at [/HUDSON/workspace/8-2-build-linux-amd64/jdk8u66/4988/hotspot/src/share/vm/classfile/systemDictionary.cpp, lin
Event: 8.032 Thread 0x00007f2f9c003000 Exception <a 'java/lang/ClassNotFoundException': org/springframework/context/support/LiveBeansView> (0x00000000de4d4040) thrown at [/HUDSON/workspace/8-2-build-linux-amd64/jdk8u66/4988/hotspot/src/share/vm/classfile/systemDictionary.cpp, line 210]

Events (10 events):
Event: 10.838 loading class org/springframework/beans/factory/support/DefaultListableBeanFactory$StreamDependencyDescriptor done
Event: 10.841 loading class org/springframework/core/SimpleAliasRegistry
Event: 10.841 loading class org/springframework/core/SimpleAliasRegistry done
Event: 10.844 loading class org/springframework/context/annotation/ContextAnnotationAutowireCandidateResolver$1
Event: 10.844 loading class org/springframework/context/annotation/ContextAnnotationAutowireCandidateResolver$1 done
Event: 10.879 loading class org/springframework/aop/framework/ProxyFactory
Event: 10.879 loading class org/springframework/aop/framework/ProxyFactory done
Event: 10.894 Executing VM operation: RevokeBias
Event: 10.894 Executing VM operation: RevokeBias done
Event: 10.894 Executing VM operation: RevokeBias


Dynamic libraries:
00400000-00401000 r-xp 00000000 08:04 3146543                            /var/java8/jdk1.8.0_66/jre/bin/java
00600000-00601000 rw-p 00000000 08:04 3146543                            /var/java8/jdk1.8.0_66/jre/bin/java
01318000-01339000 rw-p 00000000 00:00 0                                  [heap]
87400000-8a180000 rw-p 00000000 00:00 0 
8a180000-d7c00000 ---p 00000000 00:00 0 
d7c00000-e0000000 rw-p 00000000 00:00 0 
e7000000-100000000 ---p 00000000 00:00 0 
100000000-100480000 rw-p 00000000 00:00 0 
100480000-140000000 ---p 00000000 00:00 0 
7f2f80000000-7f2f80021000 rw-p 00000000 00:00 0 
7f2f80021000-7f2f84000000 ---p 00000000 00:00 0 
7f2f84000000-7f2f84052000 rw-p 00000000 00:00 0 
7f2f84052000-7f2f88000000 ---p 00000000 00:00 0 
7f2f88000000-7f2f88021000 rw-p 00000000 00:00 0 
7f2f88021000-7f2f8c000000 ---p 00000000 00:00 0 
7f2f8c000000-7f2f8c021000 rw-p 00000000 00:00 0 
7f2f8c021000-7f2f90000000 ---p 00000000 00:00 0 
7f2f90000000-7f2f90021000 rw-p 00000000 00:00 0 
7f2f90021000-7f2f94000000 ---p 00000000 00:00 0 
7f2f94000000-7f2f94021000 rw-p 00000000 00:00 0 
7f2f94021000-7f2f98000000 ---p 00000000 00:00 0 
7f2f98000000-7f2f98055000 rw-p 00000000 00:00 0 
7f2f98055000-7f2f9c000000 ---p 00000000 00:00 0 
7f2f9c000000-7f2f9c021000 rw-p 00000000 00:00 0 
7f2f9c021000-7f2fa0000000 ---p 00000000 00:00 0 
7f2fa0000000-7f2fa037c000 rw-p 00000000 00:00 0 
7f2fa037c000-7f2fa4000000 ---p 00000000 00:00 0 
7f2fa4000000-7f2fa4021000 rw-p 00000000 00:00 0 
7f2fa4021000-7f2fa8000000 ---p 00000000 00:00 0 
7f2fa8000000-7f2fa8069000 rw-p 00000000 00:00 0 
7f2fa8069000-7f2fac000000 ---p 00000000 00:00 0 
7f2fac000000-7f2fac021000 rw-p 00000000 00:00 0 
7f2fac021000-7f2fb0000000 ---p 00000000 00:00 0 
7f2fb0000000-7f2fb0021000 rw-p 00000000 00:00 0 
7f2fb0021000-7f2fb4000000 ---p 00000000 00:00 0 
7f2fb4000000-7f2fb428b000 rw-p 00000000 00:00 0 
7f2fb428b000-7f2fb8000000 ---p 00000000 00:00 0 
7f2fb8000000-7f2fb85df000 rw-p 00000000 00:00 0 
7f2fb85df000-7f2fbc000000 ---p 00000000 00:00 0 
7f2fbc000000-7f2fbc021000 rw-p 00000000 00:00 0 
7f2fbc021000-7f2fc0000000 ---p 00000000 00:00 0 
7f2fc0000000-7f2fc1789000 rw-p 00000000 00:00 0 
7f2fc1789000-7f2fc4000000 ---p 00000000 00:00 0 
7f2fc4000000-7f2fc4763000 rw-p 00000000 00:00 0 
7f2fc4763000-7f2fc8000000 ---p 00000000 00:00 0 
7f2fc8000000-7f2fc8021000 rw-p 00000000 00:00 0 
7f2fc8021000-7f2fcc000000 ---p 00000000 00:00 0 
7f2fcdad7000-7f2fd4000000 r--p 00000000 08:04 8663295                    /usr/lib/locale/locale-archive
7f2fd4000000-7f2fd4021000 rw-p 00000000 00:00 0 
7f2fd4021000-7f2fd8000000 ---p 00000000 00:00 0 
7f2fd8000000-7f2fd8021000 rw-p 00000000 00:00 0 
7f2fd8021000-7f2fdc000000 ---p 00000000 00:00 0 
7f2fdc000000-7f2fdc021000 rw-p 00000000 00:00 0 
7f2fdc021000-7f2fe0000000 ---p 00000000 00:00 0 
7f2fe0000000-7f2fe028b000 rw-p 00000000 00:00 0 
7f2fe028b000-7f2fe4000000 ---p 00000000 00:00 0 
7f2fe4000000-7f2fe4021000 rw-p 00000000 00:00 0 
7f2fe4021000-7f2fe8000000 ---p 00000000 00:00 0 
7f2fe86e6000-7f2fe8727000 rw-p 00000000 00:00 0 
7f2fe8727000-7f2fe88e7000 ---p 00000000 00:00 0 
7f2fe88e7000-7f2fe8ae7000 rw-p 00000000 00:00 0 
7f2fe8ae7000-7f2fe8ce7000 rw-p 00000000 00:00 0 
7f2fe8ce7000-7f2fe8cea000 ---p 00000000 00:00 0 
7f2fe8cea000-7f2fe8fe8000 rw-p 00000000 00:00 0 
7f2fe8fe8000-7f2fe8feb000 ---p 00000000 00:00 0 
7f2fe8feb000-7f2fe90e9000 rw-p 00000000 00:00 0                          [stack:11316]
7f2fe90e9000-7f2fe90ec000 ---p 00000000 00:00 0 
7f2fe90ec000-7f2fe91ea000 rw-p 00000000 00:00 0                          [stack:11315]
7f2fe91ea000-7f2fe91ed000 ---p 00000000 00:00 0 
7f2fe91ed000-7f2fe92eb000 rw-p 00000000 00:00 0                          [stack:11314]
7f2fe92eb000-7f2fe92ee000 ---p 00000000 00:00 0 
7f2fe92ee000-7f2fe93ec000 rw-p 00000000 00:00 0                          [stack:11313]
7f2fe93ec000-7f2fe93ef000 ---p 00000000 00:00 0 
7f2fe93ef000-7f2fe94ed000 rw-p 00000000 00:00 0                          [stack:11312]
7f2fe94ed000-7f2fe94f0000 ---p 00000000 00:00 0 
7f2fe94f0000-7f2fe95ee000 rw-p 00000000 00:00 0                          [stack:11309]
7f2fe95ee000-7f2fe95f2000 r--s 00096000 08:04 3146582                    /var/java8/jdk1.8.0_66/jre/lib/jsse.jar
7f2fe95f2000-7f2fe97f2000 rw-p 00000000 00:00 0 
7f2fe97f2000-7f2fe99f2000 rw-p 00000000 00:00 0 
7f2fe99f2000-7f2fe9bf2000 rw-p 00000000 00:00 0 
7f2fe9bf2000-7f2fe9bf5000 ---p 00000000 00:00 0 
7f2fe9bf5000-7f2fe9cf3000 rw-p 00000000 00:00 0                          [stack:11305]
7f2fe9cf3000-7f2fe9cf6000 ---p 00000000 00:00 0 
7f2fe9cf6000-7f2fe9df4000 rw-p 00000000 00:00 0                          [stack:11304]
7f2fe9df4000-7f2fe9e89000 r--s 01100000 08:04 3146879                    /var/java8/jdk1.8.0_66/jre/lib/ext/jfxrt.jar
7f2fe9e89000-7f2fea089000 rw-p 00000000 00:00 0 
7f2fea089000-7f2fea08c000 ---p 00000000 00:00 0 
7f2fea08c000-7f2fea38a000 rw-p 00000000 00:00 0 
7f2fea38a000-7f2fea3a0000 r-xp 00000000 08:04 3146804                    /var/java8/jdk1.8.0_66/jre/lib/amd64/libnet.so
7f2fea3a0000-7f2fea5a0000 ---p 00016000 08:04 3146804                    /var/java8/jdk1.8.0_66/jre/lib/amd64/libnet.so
7f2fea5a0000-7f2fea5a1000 rw-p 00016000 08:04 3146804                    /var/java8/jdk1.8.0_66/jre/lib/amd64/libnet.so
7f2fea5a1000-7f2fea5b2000 r-xp 00000000 08:04 3146840                    /var/java8/jdk1.8.0_66/jre/lib/amd64/libnio.so
7f2fea5b2000-7f2fea7b1000 ---p 00011000 08:04 3146840                    /var/java8/jdk1.8.0_66/jre/lib/amd64/libnio.so
7f2fea7b1000-7f2fea7b2000 rw-p 00010000 08:04 3146840                    /var/java8/jdk1.8.0_66/jre/lib/amd64/libnio.so
7f2fea7b2000-7f2fea9b2000 rw-p 00000000 00:00 0 
7f2fea9b2000-7f2feabb2000 rw-p 00000000 00:00 0 
7f2feabb2000-7f2feabcd000 r--s 001cd000 08:04 3146877                    /var/java8/jdk1.8.0_66/jre/lib/ext/nashorn.jar
7f2feabcd000-7f2feabd0000 ---p 00000000 00:00 0 
7f2feabd0000-7f2feac06000 rw-p 00000000 00:00 0                          [stack:11301]
7f2feac06000-7f2feac09000 r--s 00015000 08:03 1707597                    /home/user/.m2/repository/org/junit/platform/junit-platform-launcher/1.3.1/junit-platform-launcher-1.3.1.jar
7f2feac09000-7f2feac0c000 r--s 0000e000 08:03 1707596                    /home/user/.m2/repository/org/apache/maven/surefire/surefire-junit-platform/2.22.2/surefire-junit-platform-2.22.2.jar
7f2feac0c000-7f2feac0f000 r--s 00012000 08:03 9969377                    /home/user/.m2/repository/com/lmax/disruptor/3.4.2/disruptor-3.4.2.jar
7f2feac0f000-7f2feac14000 r--s 00025000 08:03 1577241                    /home/user/.m2/repository/org/xmlunit/xmlunit-core/2.6.3/xmlunit-core-2.6.3.jar
7f2feac14000-7f2feac23000 r--s 00097000 08:03 1577022                    /home/user/.m2/repository/org/springframework/spring-test/5.2.0.RELEASE/spring-test-5.2.0.RELEASE.jar
7f2feac23000-7f2feac24000 r--s 00004000 08:03 1574783                    /home/user/.m2/repository/com/vaadin/external/google/android-json/0.0.20131108.vaadin1/android-json-0.0.20131108.vaadin1.jar
7f2feac24000-7f2feac26000 r--s 00006000 08:03 1577239                    /home/user/.m2/repository/org/skyscreamer/jsonassert/1.5.0/jsonassert-1.5.0.jar
7f2feac26000-7f2feac28000 r--s 0000c000 08:03 1577237                    /home/user/.m2/repository/org/objenesis/objenesis/2.6/objenesis-2.6.jar
7f2feac28000-7f2feac2c000 r--s 0003c000 08:03 1577235                    /home/user/.m2/repository/net/bytebuddy/byte-buddy-agent/1.10.1/byte-buddy-agent-1.10.1.jar
7f2feac2c000-7f2feac74000 r--s 002e9000 08:03 1577233                    /home/user/.m2/repository/net/bytebuddy/byte-buddy/1.10.1/byte-buddy-1.10.1.jar
7f2feac74000-7f2feac85000 r--s 00080000 08:03 1577231                    /home/user/.m2/repository/org/mockito/mockito-core/3.1.0/mockito-core-3.1.0.jar
7f2feac85000-7f2feac89000 r--s 0001b000 08:03 1577229                    /home/user/.m2/repository/org/hamcrest/hamcrest/2.1/hamcrest-2.1.jar
7f2feac89000-7f2feacee000 r--s 003e1000 08:03 1577227                    /home/user/.m2/repository/org/assertj/assertj-core/3.13.2/assertj-core-3.13.2.jar
7f2feacee000-7f2feacef000 r--s 00001000 08:03 1577225                    /home/user/.m2/repository/org/mockito/mockito-junit-jupiter/3.1.0/mockito-junit-jupiter-3.1.0.jar
7f2feacef000-7f2feacf4000 r--s 00024000 08:03 1577223                    /home/user/.m2/repository/org/junit/platform/junit-platform-engine/1.5.2/junit-platform-engine-1.5.2.jar
7f2feacf4000-7f2feacf9000 r--s 00031000 08:03 1577221                    /home/user/.m2/repository/org/junit/jupiter/junit-jupiter-engine/5.5.2/junit-jupiter-engine-5.5.2.jar
7f2feacf9000-7f2fead06000 r--s 0007a000 08:03 1577219                    /home/user/.m2/repository/org/junit/jupiter/junit-jupiter-params/5.5.2/junit-jupiter-params-5.5.2.jar
7f2fead06000-7f2fead08000 r--s 00015000 08:03 1577217                    /home/user/.m2/repository/org/junit/platform/junit-platform-commons/1.5.2/junit-platform-commons-1.5.2.jar
7f2fead08000-7f2fead09000 r--s 00001000 08:03 1577215                    /home/user/.m2/repository/org/opentest4j/opentest4j/1.2.0/opentest4j-1.2.0.jar
7f2fead09000-7f2fead0a000 r--s 00000000 08:03 1577213                    /home/user/.m2/repository/org/apiguardian/apiguardian-api/1.1.0/apiguardian-api-1.1.0.jar
7f2fead0a000-7f2fead0e000 r--s 0001f000 08:03 1577211                    /home/user/.m2/repository/org/junit/jupiter/junit-jupiter-api/5.5.2/junit-jupiter-api-5.5.2.jar
7f2fead0e000-7f2fead0f000 r--s 00001000 08:03 1577209                    /home/user/.m2/repository/org/junit/jupiter/junit-jupiter/5.5.2/junit-jupiter-5.5.2.jar
7f2fead0f000-7f2fead11000 r--s 00009000 08:03 1577195                    /home/user/.m2/repository/jakarta/activation/jakarta.activation-api/1.2.1/jakarta.activation-api-1.2.1.jar
7f2fead11000-7f2fead15000 r--s 00019000 08:03 1577207                    /home/user/.m2/repository/jakarta/xml/bind/jakarta.xml.bind-api/2.3.2/jakarta.xml.bind-api-2.3.2.jar
7f2fead15000-7f2fead17000 r--s 0000c000 08:03 1577205                    /home/user/.m2/repository/org/ow2/asm/asm/5.0.4/asm-5.0.4.jar
7f2fead17000-7f2fead19000 r--s 00006000 08:03 1577203                    /home/user/.m2/repository/net/minidev/accessors-smart/1.2/accessors-smart-1.2.jar
7f2fead19000-7f2fead1c000 r--s 0001b000 08:03 1577201                    /home/user/.m2/repository/net/minidev/json-smart/2.3/json-smart-2.3.jar
7f2fead1c000-7f2fead22000 r--s 00031000 08:03 1577199                    /home/user/.m2/repository/com/jayway/jsonpath/json-path/2.4.0/json-path-2.4.0.jar
7f2fead22000-7f2fead28000 r--s 00021000 08:03 18883510                   /home/user/.m2/repository/org/springframework/boot/spring-boot-test-autoconfigure/2.2.0.RELEASE/spring-boot-test-autoconfigure-2.2.0.RELEASE.jar
7f2fead28000-7f2fead2e000 r--s 0002e000 08:03 18754110                   /home/user/.m2/repository/org/springframework/boot/spring-boot-test/2.2.0.RELEASE/spring-boot-test-2.2.0.RELEASE.jar
7f2fead2e000-7f2fead2f000 r--s 00000000 08:03 18620728                   /home/user/.m2/repository/org/springframework/boot/spring-boot-starter-test/2.2.0.RELEASE/spring-boot-starter-test-2.2.0.RELEASE.jar
7f2fead2f000-7f2fead31000 r--s 00000000 08:03 15999952                   /home/user/.m2/repository/org/slf4j/jul-to-slf4j/1.7.28/jul-to-slf4j-1.7.28.jar
7f2fead31000-7f2fead32000 r--s 00005000 08:03 17565633                   /home/user/.m2/repository/org/apache/logging/log4j/log4j-jul/2.12.1/log4j-jul-2.12.1.jar
7f2fead32000-7f2fead53000 r--s 00178000 08:03 17565631                   /home/user/.m2/repository/org/apache/logging/log4j/log4j-core/2.12.1/log4j-core-2.12.1.jar
7f2fead53000-7f2fead59000 r--s 0003e000 08:03 14208285                   /home/user/.m2/repository/org/apache/logging/log4j/log4j-api/2.12.1/log4j-api-2.12.1.jar
7f2fead59000-7f2fead5a000 r--s 00005000 08:03 17565629                   /home/user/.m2/repository/org/apache/logging/log4j/log4j-slf4j-impl/2.12.1/log4j-slf4j-impl-2.12.1.jar
7f2fead5a000-7f2fead5b000 r--s 00000000 08:03 7341731                    /home/user/.m2/repository/org/springframework/boot/spring-boot-starter-log4j2/2.2.0.RELEASE/spring-boot-starter-log4j2-2.2.0.RELEASE.jar
7f2fead5b000-7f2fead5f000 r--s 00018000 08:03 14208413                   /home/user/.m2/repository/javax/ws/rs/javax.ws.rs-api/2.0/javax.ws.rs-api-2.0.jar
7f2fead5f000-7f2fead61000 r--s 00014000 08:03 1707861                    /home/user/.m2/repository/org/codehaus/jettison/jettison/1.4.0/jettison-1.4.0.jar
7f2fead61000-7f2fead70000 r--s 000a9000 08:03 1707846                    /home/user/.m2/repository/org/apache/commons/commons-collections4/4.2/commons-collections4-4.2.jar
7f2fead70000-7f2fead7d000 r--s 00083000 08:03 1574711                    /home/user/.m2/repository/commons-collections/commons-collections/3.2.2/commons-collections-3.2.2.jar
7f2fead7d000-7f2fead7f000 r--s 0000e000 08:03 1707247                    /home/user/.m2/repository/commons-logging/commons-logging/1.2/commons-logging-1.2.jar
7f2fead7f000-7f2fead84000 r--s 00038000 08:03 17565206                   /home/user/.m2/repository/commons-beanutils/commons-beanutils/1.9.3/commons-beanutils-1.9.3.jar
7f2fead84000-7f2fead88000 r--s 00029000 08:03 1707844                    /home/user/.m2/repository/org/apache/commons/commons-text/1.3/commons-text-1.3.jar
7f2fead88000-7f2fead91000 r--s 00073000 08:03 1577640                    /home/user/.m2/repository/org/apache/commons/commons-lang3/3.9/commons-lang3-3.9.jar
7f2fead91000-7f2fead95000 r--s 00026000 08:03 17565204                   /home/user/.m2/repository/com/opencsv/opencsv/4.5/opencsv-4.5.jar
7f2fead95000-7f2fead9a000 r--s 00016000 08:03 9453295                    /home/user/.m2/repository/xml-apis/xml-apis/1.0.b2/xml-apis-1.0.b2.jar
7f2fead9a000-7f2fead9f000 r--s 00048000 08:03 1574741                    /home/user/.m2/repository/dom4j/dom4j/1.6.1/dom4j-1.6.1.jar
7f2fead9f000-7f2feada1000 r--s 00005000 08:03 1574621                    /home/user/.m2/repository/stax/stax-api/1.0.1/stax-api-1.0.1.jar
7f2feada1000-7f2feadde000 r--s 0024f000 08:03 14995190                   /home/user/.m2/repository/org/apache/xmlbeans/xmlbeans/2.3.0/xmlbeans-2.3.0.jar
7f2feadde000-7f2feae72000 r--s 00401000 08:03 14995188                   /home/user/.m2/repository/org/apache/poi/poi-ooxml-schemas/3.9/poi-ooxml-schemas-3.9.jar
7f2feae72000-7f2feae79000 r--s 0004e000 08:03 1577133                    /home/user/.m2/repository/commons-codec/commons-codec/1.13/commons-codec-1.13.jar
7f2feae79000-7f2feae99000 r--s 001a9000 08:03 14863711                   /home/user/.m2/repository/org/apache/poi/poi/3.9/poi-3.9.jar
7f2feae99000-7f2feaea5000 r--s 000d9000 08:03 14863709                   /home/user/.m2/repository/org/apache/poi/poi-ooxml/3.9/poi-ooxml-3.9.jar
7f2feaea5000-7f2feaea6000 r--s 00003000 08:03 1707822                    /home/user/.m2/repository/com/googlecode/json-simple/json-simple/1.1/json-simple-1.1.jar
7f2feaea6000-7f2feaeab000 r--s 0003c000 08:03 18486774                   /home/user/.m2/repository/org/apache/tomcat/embed/tomcat-embed-websocket/9.0.27/tomcat-embed-websocket-9.0.27.jar
7f2feaeab000-7f2feaed2000 r--s 0012b000 08:03 17835823                   /home/user/.m2/repository/org/springframework/boot/spring-boot-autoconfigure/2.2.0.RELEASE/spring-boot-autoconfigure-2.2.0.RELEASE.jar
7f2feaed2000-7f2feaee8000 r--s 000e7000 08:03 17835821                   /home/user/.m2/repository/org/springframework/boot/spring-boot/2.2.0.RELEASE/spring-boot-2.2.0.RELEASE.jar
7f2feaee8000-7f2feaeeb000 ---p 00000000 00:00 0 
7f2feaeeb000-7f2feafe9000 rw-p 00000000 00:00 0                          [stack:11299]
7f2feafe9000-7f2feaff1000 r-xp 00000000 08:04 3146839                    /var/java8/jdk1.8.0_66/jre/lib/amd64/libmanagement.so
7f2feaff1000-7f2feb1f1000 ---p 00008000 08:04 3146839                    /var/java8/jdk1.8.0_66/jre/lib/amd64/libmanagement.so
7f2feb1f1000-7f2feb1f2000 rw-p 00008000 08:04 3146839                    /var/java8/jdk1.8.0_66/jre/lib/amd64/libmanagement.so
7f2feb1f2000-7f2feb1f5000 ---p 00000000 00:00 0 
7f2feb1f5000-7f2feb2f3000 rw-p 00000000 00:00 0                          [stack:11298]
7f2feb2f3000-7f2feb2f4000 ---p 00000000 00:00 0 
7f2feb2f4000-7f2feb3f4000 rw-p 00000000 00:00 0                          [stack:11297]
7f2feb3f4000-7f2feb3f7000 ---p 00000000 00:00 0 
7f2feb3f7000-7f2feb4f5000 rw-p 00000000 00:00 0                          [stack:11296]
7f2feb4f5000-7f2feb4f8000 ---p 00000000 00:00 0 
7f2feb4f8000-7f2feb5f6000 rw-p 00000000 00:00 0                          [stack:11295]
7f2feb5f6000-7f2feb5f9000 ---p 00000000 00:00 0 
7f2feb5f9000-7f2feb6f7000 rw-p 00000000 00:00 0                          [stack:11294]
7f2feb6f7000-7f2feb6fa000 ---p 00000000 00:00 0 
7f2feb6fa000-7f2feb7f8000 rw-p 00000000 00:00 0                          [stack:11293]
7f2feb7f8000-7f2feb7fb000 ---p 00000000 00:00 0 
7f2feb7fb000-7f2feb8f9000 rw-p 00000000 00:00 0                          [stack:11292]
7f2feb8f9000-7f2feb8fc000 ---p 00000000 00:00 0 
7f2feb8fc000-7f2feb9fa000 rw-p 00000000 00:00 0                          [stack:11291]
7f2feb9fa000-7f2feb9fd000 ---p 00000000 00:00 0 
7f2feb9fd000-7f2febafb000 rw-p 00000000 00:00 0                          [stack:11290]
7f2febafb000-7f2febafc000 ---p 00000000 00:00 0 
7f2febafc000-7f2fec000000 rw-p 00000000 00:00 0                          [stack:11289]
7f2fec000000-7f2fec021000 rw-p 00000000 00:00 0 
7f2fec021000-7f2ff0000000 ---p 00000000 00:00 0 
7f2ff0000000-7f2ff0002000 r--s 00005000 08:03 1577197                    /home/user/.m2/repository/jakarta/annotation/jakarta.annotation-api/1.3.5/jakarta.annotation-api-1.3.5.jar
7f2ff0002000-7f2ff0003000 r--s 00000000 08:03 18358543                   /home/user/.m2/repository/org/springframework/boot/spring-boot-starter-tomcat/2.2.0.RELEASE/spring-boot-starter-tomcat-2.2.0.RELEASE.jar
7f2ff0003000-7f2ff0009000 r--s 00030000 08:03 15516359                   /home/user/.m2/repository/org/springframework/boot/spring-boot-devtools/2.2.0.RELEASE/spring-boot-devtools-2.2.0.RELEASE.jar
7f2ff0009000-7f2ff0013000 r--s 0005c000 08:03 14208404                   /home/user/.m2/repository/javax/servlet/jstl/1.2/jstl-1.2.jar
7f2ff0013000-7f2ff0014000 r--s 0002b000 08:03 17565019                   /home/user/.m2/repository/org/webjars/jquery/1.11.1/jquery-1.11.1.jar
7f2ff0014000-7f2ff0027000 r--s 00241000 08:03 1707694                    /home/user/.m2/repository/org/eclipse/jdt/core/compiler/ecj/4.6.1/ecj-4.6.1.jar
7f2ff0027000-7f2ff003f000 r--s 002a5000 08:03 1708326                    /home/user/.m2/repository/org/eclipse/jdt/ecj/3.18.0/ecj-3.18.0.jar
7f2ff003f000-7f2ff0044000 r--s 0003a000 08:03 17439241                   /home/user/.m2/repository/org/apache/tomcat/embed/tomcat-embed-el/9.0.27/tomcat-embed-el-9.0.27.jar
7f2ff0044000-7f2ff006f000 r--s 0030b000 08:03 17182182                   /home/user/.m2/repository/org/apache/tomcat/embed/tomcat-embed-core/9.0.27/tomcat-embed-core-9.0.27.jar
7f2ff006f000-7f2ff0081000 r--s 000d5000 08:03 1576994                    /home/user/.m2/repository/org/springframework/spring-webmvc/5.2.0.RELEASE/spring-webmvc-5.2.0.RELEASE.jar
7f2ff0081000-7f2ff009d000 r--s 0013c000 08:03 1576992                    /home/user/.m2/repository/org/springframework/spring-web/5.2.0.RELEASE/spring-web-5.2.0.RELEASE.jar
7f2ff009d000-7f2ff4000000 rw-p 00000000 00:00 0 
7f2ff4000000-7f2ff4021000 rw-p 00000000 00:00 0 
7f2ff4021000-7f2ff8000000 ---p 00000000 00:00 0 
7f2ff8000000-7f2ff8002000 r--s 0008f000 08:03 17565017                   /home/user/.m2/repository/org/webjars/bootstrap/3.3.7/bootstrap-3.3.7.jar
7f2ff8002000-7f2ff8004000 r--s 00002000 08:03 17049143                   /home/user/.m2/repository/org/apache/tomcat/tomcat-annotations-api/9.0.27/tomcat-annotations-api-9.0.27.jar
7f2ff8004000-7f2ff800d000 r--s 0008f000 08:03 17565304                   /home/user/.m2/repository/org/apache/tomcat/embed/tomcat-embed-jasper/9.0.27/tomcat-embed-jasper-9.0.27.jar
7f2ff800d000-7f2ff800f000 r--s 0000f000 08:03 1577111                    /home/user/.m2/repository/com/fasterxml/classmate/1.5.0/classmate-1.5.0.jar
7f2ff800f000-7f2ff8011000 r--s 0000d000 08:03 1577109                    /home/user/.m2/repository/org/jboss/logging/jboss-logging/3.4.1.Final/jboss-logging-3.4.1.Final.jar
7f2ff8011000-7f2ff802e000 r--s 000fe000 08:03 19550597                   /home/user/.m2/repository/org/hibernate/validator/hibernate-validator/6.0.17.Final/hibernate-validator-6.0.17.Final.jar
7f2ff802e000-7f2ff8033000 r--s 00012000 08:03 1577107                    /home/user/.m2/repository/jakarta/validation/jakarta.validation-api/2.0.1/jakarta.validation-api-2.0.1.jar
7f2ff8033000-7f2ff8034000 r--s 00000000 08:03 19275878                   /home/user/.m2/repository/org/springframework/boot/spring-boot-starter-validation/2.2.0.RELEASE/spring-boot-starter-validation-2.2.0.RELEASE.jar
7f2ff8034000-7f2ff8036000 r--s 00001000 08:03 1577105                    /home/user/.m2/repository/com/fasterxml/jackson/module/jackson-module-parameter-names/2.10.0/jackson-module-parameter-names-2.10.0.jar
7f2ff8036000-7f2ff8039000 r--s 00017000 08:03 1577103                    /home/user/.m2/repository/com/fasterxml/jackson/datatype/jackson-datatype-jsr310/2.10.0/jackson-datatype-jsr310-2.10.0.jar
7f2ff8039000-7f2ff803b000 r--s 00007000 08:03 1577101                    /home/user/.m2/repository/com/fasterxml/jackson/datatype/jackson-datatype-jdk8/2.10.0/jackson-datatype-jdk8-2.10.0.jar
7f2ff803b000-7f2ff8040000 r--s 00051000 08:03 1577137                    /home/user/.m2/repository/com/fasterxml/jackson/core/jackson-core/2.10.0/jackson-core-2.10.0.jar
7f2ff8040000-7f2ff8043000 r--s 0000e000 08:03 1577135                    /home/user/.m2/repository/com/fasterxml/jackson/core/jackson-annotations/2.10.0/jackson-annotations-2.10.0.jar
7f2ff8043000-7f2ff8059000 r--s 00141000 08:03 1577139                    /home/user/.m2/repository/com/fasterxml/jackson/core/jackson-databind/2.10.0/jackson-databind-2.10.0.jar
7f2ff8059000-7f2ff805a000 r--s 00000000 08:03 19145732                   /home/user/.m2/repository/org/springframework/boot/spring-boot-starter-json/2.2.0.RELEASE/spring-boot-starter-json-2.2.0.RELEASE.jar
7f2ff805a000-7f2ff805c000 r--s 00009000 08:03 13290922                   /home/user/.m2/repository/org/slf4j/slf4j-api/1.7.28/slf4j-api-1.7.28.jar
7f2ff805c000-7f2ff8086000 r--s 00208000 08:03 15515976                   /home/user/.m2/repository/org/mongodb/mongo-java-driver/3.11.1/mongo-java-driver-3.11.1.jar
7f2ff8086000-7f2ff809f000 r--s 0010f000 08:03 17564572                   /home/user/.m2/repository/org/springframework/data/spring-data-commons/2.2.0.RELEASE/spring-data-commons-2.2.0.RELEASE.jar
7f2ff809f000-7f2ff80a4000 r--s 00040000 08:03 19015915                   /home/user/.m2/repository/org/springframework/spring-expression/5.2.0.RELEASE/spring-expression-5.2.0.RELEASE.jar
7f2ff80a4000-7f2ff80bf000 r--s 00142000 08:03 17967368                   /home/user/.m2/repository/org/springframework/spring-core/5.2.0.RELEASE/spring-core-5.2.0.RELEASE.jar
7f2ff80bf000-7f2ff80cc000 r--s 0009b000 08:03 18754108                   /home/user/.m2/repository/org/springframework/spring-beans/5.2.0.RELEASE/spring-beans-5.2.0.RELEASE.jar
7f2ff80cc000-7f2ff80d5000 r--s 00052000 08:03 18620726                   /home/user/.m2/repository/org/springframework/spring-aop/5.2.0.RELEASE/spring-aop-5.2.0.RELEASE.jar
7f2ff80d5000-7f2ff80f0000 r--s 0010e000 08:03 18486771                   /home/user/.m2/repository/org/springframework/spring-context/5.2.0.RELEASE/spring-context-5.2.0.RELEASE.jar
7f2ff80f0000-7f2ff80f9000 r--s 00044000 08:03 1707565                    /home/user/.m2/repository/org/springframework/spring-tx/5.2.0.RELEASE/spring-tx-5.2.0.RELEASE.jar
7f2ff80f9000-7f2ff9000000 rw-p 00000000 00:00 0 
7f2ff9000000-7f2ff9880000 rwxp 00000000 00:00 0 
7f2ff9880000-7f3008000000 ---p 00000000 00:00 0 
7f3008000000-7f3008e58000 rw-p 00000000 00:00 0 
7f3008e58000-7f300c000000 ---p 00000000 00:00 0 
7f300c000000-7f300c001000 r--s 00000000 08:03 17049314                   /home/user/.m2/repository/org/springframework/boot/spring-boot-starter-web/2.2.0.RELEASE/spring-boot-starter-web-2.2.0.RELEASE.jar
7f300c001000-7f300c002000 r--s 00005000 08:03 1577020                    /home/user/.m2/repository/org/springframework/spring-jcl/5.2.0.RELEASE/spring-jcl-5.2.0.RELEASE.jar
7f300c002000-7f300c027000 r--s 00187000 08:03 15516382                   /home/user/.m2/repository/org/springframework/data/spring-data-mongodb/2.2.0.RELEASE/spring-data-mongodb-2.2.0.RELEASE.jar
7f300c027000-7f300c044000 r--s 00142000 08:03 15516380                   /home/user/.m2/repository/org/mongodb/mongodb-driver-core/3.11.1/mongodb-driver-core-3.11.1.jar
7f300c044000-7f300c04d000 r--s 00070000 08:03 15516378                   /home/user/.m2/repository/org/mongodb/bson/3.11.1/bson-3.11.1.jar
7f300c04d000-7f300c054000 r--s 00055000 08:03 15382294                   /home/user/.m2/repository/org/mongodb/mongodb-driver/3.11.1/mongodb-driver-3.11.1.jar
7f300c054000-7f300c05b000 r--s 00044000 08:03 16657291                   /home/user/.m2/repository/org/yaml/snakeyaml/1.25/snakeyaml-1.25.jar
7f300c05b000-7f300c05d000 r--s 00003000 08:03 11676227                   /home/user/.m2/repository/org/apache/logging/log4j/log4j-to-slf4j/2.12.1/log4j-to-slf4j-2.12.1.jar
7f300c05d000-7f300c15e000 rw-p 00000000 00:00 0 
7f300c15e000-7f300c336000 r--s 03cd9000 08:04 3146595                    /var/java8/jdk1.8.0_66/jre/lib/rt.jar
7f300c336000-7f300c772000 rw-p 00000000 00:00 0 
7f300c772000-7f300c773000 ---p 00000000 00:00 0 
7f300c773000-7f300c873000 rw-p 00000000 00:00 0                          [stack:11288]
7f300c873000-7f300c874000 ---p 00000000 00:00 0 
7f300c874000-7f300c974000 rw-p 00000000 00:00 0                          [stack:11287]
7f300c974000-7f300c975000 ---p 00000000 00:00 0 
7f300c975000-7f300ca75000 rw-p 00000000 00:00 0                          [stack:11286]
7f300ca75000-7f300ca76000 ---p 00000000 00:00 0 
7f300ca76000-7f300cb8d000 rw-p 00000000 00:00 0                          [stack:11285]
7f300cb8d000-7f300cdfa000 ---p 00000000 00:00 0 
7f300cdfa000-7f300ce11000 rw-p 00000000 00:00 0 
7f300ce11000-7f300d07e000 ---p 00000000 00:00 0 
7f300d07e000-7f300d0c0000 rw-p 00000000 00:00 0 
7f300d0c0000-7f300d1c0000 ---p 00000000 00:00 0 
7f300d1c0000-7f300d1e3000 rw-p 00000000 00:00 0 
7f300d1e3000-7f300d581000 ---p 00000000 00:00 0 
7f300d581000-7f300d59b000 r-xp 00000000 08:04 3146814                    /var/java8/jdk1.8.0_66/jre/lib/amd64/libzip.so
7f300d59b000-7f300d79b000 ---p 0001a000 08:04 3146814                    /var/java8/jdk1.8.0_66/jre/lib/amd64/libzip.so
7f300d79b000-7f300d79c000 rw-p 0001a000 08:04 3146814                    /var/java8/jdk1.8.0_66/jre/lib/amd64/libzip.so
7f300d79c000-7f300d7a8000 r-xp 00000000 08:04 8274401                    /usr/lib64/libnss_files-2.17.so
7f300d7a8000-7f300d9a7000 ---p 0000c000 08:04 8274401                    /usr/lib64/libnss_files-2.17.so
7f300d9a7000-7f300d9a8000 r--p 0000b000 08:04 8274401                    /usr/lib64/libnss_files-2.17.so
7f300d9a8000-7f300d9a9000 rw-p 0000c000 08:04 8274401                    /usr/lib64/libnss_files-2.17.so
7f300d9a9000-7f300d9af000 rw-p 00000000 00:00 0 
7f300d9af000-7f300d9d9000 r-xp 00000000 08:04 3146826                    /var/java8/jdk1.8.0_66/jre/lib/amd64/libjava.so
7f300d9d9000-7f300dbd9000 ---p 0002a000 08:04 3146826                    /var/java8/jdk1.8.0_66/jre/lib/amd64/libjava.so
7f300dbd9000-7f300dbdb000 rw-p 0002a000 08:04 3146826                    /var/java8/jdk1.8.0_66/jre/lib/amd64/libjava.so
7f300dbdb000-7f300dbe8000 r-xp 00000000 08:04 3146793                    /var/java8/jdk1.8.0_66/jre/lib/amd64/libverify.so
7f300dbe8000-7f300dde8000 ---p 0000d000 08:04 3146793                    /var/java8/jdk1.8.0_66/jre/lib/amd64/libverify.so
7f300dde8000-7f300ddea000 rw-p 0000d000 08:04 3146793                    /var/java8/jdk1.8.0_66/jre/lib/amd64/libverify.so
7f300ddea000-7f300ddf1000 r-xp 00000000 08:04 8274404                    /usr/lib64/librt-2.17.so
7f300ddf1000-7f300dff0000 ---p 00007000 08:04 8274404                    /usr/lib64/librt-2.17.so
7f300dff0000-7f300dff1000 r--p 00006000 08:04 8274404                    /usr/lib64/librt-2.17.so
7f300dff1000-7f300dff2000 rw-p 00007000 08:04 8274404                    /usr/lib64/librt-2.17.so
7f300dff2000-7f300e0f3000 r-xp 00000000 08:04 8274398                    /usr/lib64/libm-2.17.so
7f300e0f3000-7f300e2f2000 ---p 00101000 08:04 8274398                    /usr/lib64/libm-2.17.so
7f300e2f2000-7f300e2f3000 r--p 00100000 08:04 8274398                    /usr/lib64/libm-2.17.so
7f300e2f3000-7f300e2f4000 rw-p 00101000 08:04 8274398                    /usr/lib64/libm-2.17.so
7f300e2f4000-7f300efb2000 r-xp 00000000 08:04 3146834                    /var/java8/jdk1.8.0_66/jre/lib/amd64/server/libjvm.so
7f300efb2000-7f300f1b1000 ---p 00cbe000 08:04 3146834                    /var/java8/jdk1.8.0_66/jre/lib/amd64/server/libjvm.so
7f300f1b1000-7f300f28a000 rw-p 00cbd000 08:04 3146834                    /var/java8/jdk1.8.0_66/jre/lib/amd64/server/libjvm.so
7f300f28a000-7f300f2ce000 rw-p 00000000 00:00 0 
7f300f2ce000-7f300f486000 r-xp 00000000 08:04 8259302                    /usr/lib64/libc-2.17.so
7f300f486000-7f300f686000 ---p 001b8000 08:04 8259302                    /usr/lib64/libc-2.17.so
7f300f686000-7f300f68a000 r--p 001b8000 08:04 8259302                    /usr/lib64/libc-2.17.so
7f300f68a000-7f300f68c000 rw-p 001bc000 08:04 8259302                    /usr/lib64/libc-2.17.so
7f300f68c000-7f300f691000 rw-p 00000000 00:00 0 
7f300f691000-7f300f693000 r-xp 00000000 08:04 8274397                    /usr/lib64/libdl-2.17.so
7f300f693000-7f300f893000 ---p 00002000 08:04 8274397                    /usr/lib64/libdl-2.17.so
7f300f893000-7f300f894000 r--p 00002000 08:04 8274397                    /usr/lib64/libdl-2.17.so
7f300f894000-7f300f895000 rw-p 00003000 08:04 8274397                    /usr/lib64/libdl-2.17.so
7f300f895000-7f300f8aa000 r-xp 00000000 08:04 3146829                    /var/java8/jdk1.8.0_66/jre/lib/amd64/jli/libjli.so
7f300f8aa000-7f300faaa000 ---p 00015000 08:04 3146829                    /var/java8/jdk1.8.0_66/jre/lib/amd64/jli/libjli.so
7f300faaa000-7f300faab000 rw-p 00015000 08:04 3146829                    /var/java8/jdk1.8.0_66/jre/lib/amd64/jli/libjli.so
7f300faab000-7f300fac2000 r-xp 00000000 08:04 8259328                    /usr/lib64/libpthread-2.17.so
7f300fac2000-7f300fcc1000 ---p 00017000 08:04 8259328                    /usr/lib64/libpthread-2.17.so
7f300fcc1000-7f300fcc2000 r--p 00016000 08:04 8259328                    /usr/lib64/libpthread-2.17.so
7f300fcc2000-7f300fcc3000 rw-p 00017000 08:04 8259328                    /usr/lib64/libpthread-2.17.so
7f300fcc3000-7f300fcc7000 rw-p 00000000 00:00 0 
7f300fcc7000-7f300fce8000 r-xp 00000000 08:04 8259295                    /usr/lib64/ld-2.17.so
7f300fce8000-7f300fcf3000 r--s 00069000 08:03 10895293                   /home/user/.m2/repository/ch/qos/logback/logback-core/1.2.3/logback-core-1.2.3.jar
7f300fcf3000-7f300fcf9000 r--s 00041000 08:03 10368186                   /home/user/.m2/repository/ch/qos/logback/logback-classic/1.2.3/logback-classic-1.2.3.jar
7f300fcf9000-7f300fcfa000 r--s 00000000 08:03 18099071                   /home/user/.m2/repository/org/springframework/boot/spring-boot-starter-logging/2.2.0.RELEASE/spring-boot-starter-logging-2.2.0.RELEASE.jar
7f300fcfa000-7f300fcfb000 r--s 00000000 08:03 17572921                   /home/user/.m2/repository/org/springframework/boot/spring-boot-starter/2.2.0.RELEASE/spring-boot-starter-2.2.0.RELEASE.jar
7f300fcfb000-7f300fcfd000 r--s 00002000 08:03 1703966                    /home/user/.m2/repository/org/apache/maven/surefire/surefire-logger-api/2.22.2/surefire-logger-api-2.22.2.jar
7f300fcfd000-7f300fdcd000 rw-p 00000000 00:00 0 
7f300fdcd000-7f300fdd0000 ---p 00000000 00:00 0 
7f300fdd0000-7f300fed2000 rw-p 00000000 00:00 0                          [stack:11284]
7f300fed2000-7f300fed3000 r--s 00000000 08:03 15257282                   /home/user/.m2/repository/org/springframework/boot/spring-boot-starter-data-mongodb/2.2.0.RELEASE/spring-boot-starter-data-mongodb-2.2.0.RELEASE.jar
7f300fed3000-7f300fed8000 r--s 00029000 08:03 1578119                    /home/user/.m2/repository/org/apache/maven/surefire/surefire-api/2.22.2/surefire-api-2.22.2.jar
7f300fed8000-7f300fedc000 r--s 0003f000 08:03 1703968                    /home/user/.m2/repository/org/apache/maven/surefire/surefire-booter/2.22.2/surefire-booter-2.22.2.jar
7f300fedc000-7f300fedd000 r--s 00002000 08:03 9453311                    /home/user/microservice-poc/new-re-1/target/surefire/surefirebooter1826616976799676134.jar
7f300fedd000-7f300fee5000 rw-s 00000000 08:04 9577032                    /tmp/hsperfdata_user/11283
7f300fee5000-7f300fee6000 rw-p 00000000 00:00 0 
7f300fee6000-7f300fee7000 ---p 00000000 00:00 0 
7f300fee7000-7f300fee8000 rw-p 00000000 00:00 0 
7f300fee8000-7f300fee9000 r--p 00021000 08:04 8259295                    /usr/lib64/ld-2.17.so
7f300fee9000-7f300feea000 rw-p 00022000 08:04 8259295                    /usr/lib64/ld-2.17.so
7f300feea000-7f300feeb000 rw-p 00000000 00:00 0 
7ffc946db000-7ffc946fc000 rw-p 00000000 00:00 0                          [stack]
7ffc947e7000-7ffc947e9000 r-xp 00000000 00:00 0                          [vdso]
ffffffffff600000-ffffffffff601000 r-xp 00000000 00:00 0                  [vsyscall]

VM Arguments:
java_command: /home/user/microservice-poc/new-re-1/target/surefire/surefirebooter1826616976799676134.jar /home/user/microservice-poc/new-re-1/target/surefire 2019-10-31T16-28-09_930-jvmRun1 surefire4050981978593093950tmp surefire_0727399801644114308tmp
java_class_path (initial): /home/user/microservice-poc/new-re-1/target/surefire/surefirebooter1826616976799676134.jar
Launcher Type: SUN_STANDARD

Environment Variables:
JAVA_HOME=/var/java8/jdk1.8.0_66
PATH=/usr/local/git/bin:/usr/lib64/qt-3.3/bin:/usr/local/sbin:/usr/local/bin:/usr/sbin:/usr/bin:/var/java8/jdk1.8.0_66/bin:/root/bin:/home/user/.local/bin:/home/user/bin:/var/java8/jdk1.8.0_66/bin:/home/user/spring-roo/bin
USERNAME=user
SHELL=/bin/bash
DISPLAY=:0

Signal Handlers:
SIGSEGV: [libjvm.so+0xaba2a0], sa_mask[0]=11111111011111111101111111111110, sa_flags=SA_RESTART|SA_SIGINFO
SIGBUS: [libjvm.so+0xaba2a0], sa_mask[0]=11111111011111111101111111111110, sa_flags=SA_RESTART|SA_SIGINFO
SIGFPE: [libjvm.so+0x917710], sa_mask[0]=11111111011111111101111111111110, sa_flags=SA_RESTART|SA_SIGINFO
SIGPIPE: [libjvm.so+0x917710], sa_mask[0]=11111111011111111101111111111110, sa_flags=SA_RESTART|SA_SIGINFO
SIGXFSZ: [libjvm.so+0x917710], sa_mask[0]=11111111011111111101111111111110, sa_flags=SA_RESTART|SA_SIGINFO
SIGILL: [libjvm.so+0x917710], sa_mask[0]=11111111011111111101111111111110, sa_flags=SA_RESTART|SA_SIGINFO
SIGUSR1: SIG_DFL, sa_mask[0]=00000000000000000000000000000000, sa_flags=none
SIGUSR2: [libjvm.so+0x918d40], sa_mask[0]=00100000000000000000000000000000, sa_flags=SA_RESTART|SA_SIGINFO
SIGHUP: [libjvm.so+0x91a140], sa_mask[0]=11111111011111111101111111111110, sa_flags=SA_RESTART|SA_SIGINFO
SIGINT: [libjvm.so+0x91a140], sa_mask[0]=11111111011111111101111111111110, sa_flags=SA_RESTART|SA_SIGINFO
SIGTERM: [libjvm.so+0x91a140], sa_mask[0]=11111111011111111101111111111110, sa_flags=SA_RESTART|SA_SIGINFO
SIGQUIT: [libjvm.so+0x91a140], sa_mask[0]=11111111011111111101111111111110, sa_flags=SA_RESTART|SA_SIGINFO


---------------  S Y S T E M  ---------------

OS:CentOS Linux release 7.2.1511 (Core) 

uname:Linux 3.10.0-327.el7.x86_64 #1 SMP Thu Nov 19 22:10:57 UTC 2015 x86_64
libc:glibc 2.17 NPTL 2.17 
rlimit: STACK 8192k, CORE 0k, NPROC 4096, NOFILE 4096, AS infinity
load average:3.98 2.86 2.07

/proc/meminfo:
MemTotal:        7910240 kB
MemFree:          138384 kB
MemAvailable:     107180 kB
Buffers:            1976 kB
Cached:           490400 kB
SwapCached:            0 kB
Active:          7196280 kB
Inactive:         288192 kB
Active(anon):    7164068 kB
Inactive(anon):   263532 kB
Active(file):      32212 kB
Inactive(file):    24660 kB
Unevictable:         164 kB
Mlocked:             164 kB
SwapTotal:             0 kB
SwapFree:              0 kB
Dirty:                 0 kB
Writeback:           988 kB
AnonPages:       6992436 kB
Mapped:           173244 kB
Shmem:            434972 kB
Slab:              95948 kB
SReclaimable:      49648 kB
SUnreclaim:        46300 kB
KernelStack:       17264 kB
PageTables:        77304 kB
NFS_Unstable:          0 kB
Bounce:                0 kB
WritebackTmp:          0 kB
CommitLimit:     3955120 kB
Committed_AS:   15784664 kB
VmallocTotal:   34359738367 kB
VmallocUsed:       89144 kB
VmallocChunk:   34359647016 kB
HardwareCorrupted:     0 kB
AnonHugePages:   2658304 kB
HugePages_Total:       0
HugePages_Free:        0
HugePages_Rsvd:        0
HugePages_Surp:        0
Hugepagesize:       2048 kB
DirectMap4k:       91548 kB
DirectMap2M:     1904640 kB
DirectMap1G:     6291456 kB


CPU:total 4 (2 cores per cpu, 2 threads per core) family 6 model 94 stepping 3, cmov, cx8, fxsr, mmx, sse, sse2, sse3, ssse3, sse4.1, sse4.2, popcnt, avx, avx2, aes, clmul, erms, 3dnowpref, lzcnt, ht, tsc, tscinvbit, bmi1, bmi2, adx

/proc/cpuinfo:
processor	: 0
vendor_id	: GenuineIntel
cpu family	: 6
model		: 94
model name	: Intel(R) Core(TM) i3-6100 CPU @ 3.70GHz
stepping	: 3
microcode	: 0x9e
cpu MHz		: 800.000
cache size	: 3072 KB
physical id	: 0
siblings	: 4
core id		: 0
cpu cores	: 2
apicid		: 0
initial apicid	: 0
fpu		: yes
fpu_exception	: yes
cpuid level	: 22
wp		: yes
flags		: fpu vme de pse tsc msr pae mce cx8 apic sep mtrr pge mca cmov pat pse36 clflush dts acpi mmx fxsr sse sse2 ss ht tm pbe syscall nx pdpe1gb rdtscp lm constant_tsc arch_perfmon pebs bts rep_good nopl xtopology nonstop_tsc aperfmperf eagerfpu pni pclmulqdq dtes64 monitor ds_cpl vmx est tm2 ssse3 fma cx16 xtpr pdcm pcid sse4_1 sse4_2 x2apic movbe popcnt tsc_deadline_timer aes xsave avx f16c rdrand lahf_lm abm 3dnowprefetch arat epb pln pts dtherm hwp hwp_noitfy hwp_act_window hwp_epp tpr_shadow vnmi flexpriority ept vpid fsgsbase tsc_adjust bmi1 avx2 smep bmi2 erms invpcid mpx rdseed adx smap clflushopt xsaveopt xsavec xgetbv1 xsaves
bogomips	: 7388.68
clflush size	: 64
cache_alignment	: 64
address sizes	: 39 bits physical, 48 bits virtual
power management:

processor	: 1
vendor_id	: GenuineIntel
cpu family	: 6
model		: 94
model name	: Intel(R) Core(TM) i3-6100 CPU @ 3.70GHz
stepping	: 3
microcode	: 0x9e
cpu MHz		: 800.000
cache size	: 3072 KB
physical id	: 0
siblings	: 4
core id		: 1
cpu cores	: 2
apicid		: 2
initial apicid	: 2
fpu		: yes
fpu_exception	: yes
cpuid level	: 22
wp		: yes
flags		: fpu vme de pse tsc msr pae mce cx8 apic sep mtrr pge mca cmov pat pse36 clflush dts acpi mmx fxsr sse sse2 ss ht tm pbe syscall nx pdpe1gb rdtscp lm constant_tsc arch_perfmon pebs bts rep_good nopl xtopology nonstop_tsc aperfmperf eagerfpu pni pclmulqdq dtes64 monitor ds_cpl vmx est tm2 ssse3 fma cx16 xtpr pdcm pcid sse4_1 sse4_2 x2apic movbe popcnt tsc_deadline_timer aes xsave avx f16c rdrand lahf_lm abm 3dnowprefetch arat epb pln pts dtherm hwp hwp_noitfy hwp_act_window hwp_epp tpr_shadow vnmi flexpriority ept vpid fsgsbase tsc_adjust bmi1 avx2 smep bmi2 erms invpcid mpx rdseed adx smap clflushopt xsaveopt xsavec xgetbv1 xsaves
bogomips	: 7388.68
clflush size	: 64
cache_alignment	: 64
address sizes	: 39 bits physical, 48 bits virtual
power management:

processor	: 2
vendor_id	: GenuineIntel
cpu family	: 6
model		: 94
model name	: Intel(R) Core(TM) i3-6100 CPU @ 3.70GHz
stepping	: 3
microcode	: 0x9e
cpu MHz		: 800.000
cache size	: 3072 KB
physical id	: 0
siblings	: 4
core id		: 0
cpu cores	: 2
apicid		: 1
initial apicid	: 1
fpu		: yes
fpu_exception	: yes
cpuid level	: 22
wp		: yes
flags		: fpu vme de pse tsc msr pae mce cx8 apic sep mtrr pge mca cmov pat pse36 clflush dts acpi mmx fxsr sse sse2 ss ht tm pbe syscall nx pdpe1gb rdtscp lm constant_tsc arch_perfmon pebs bts rep_good nopl xtopology nonstop_tsc aperfmperf eagerfpu pni pclmulqdq dtes64 monitor ds_cpl vmx est tm2 ssse3 fma cx16 xtpr pdcm pcid sse4_1 sse4_2 x2apic movbe popcnt tsc_deadline_timer aes xsave avx f16c rdrand lahf_lm abm 3dnowprefetch arat epb pln pts dtherm hwp hwp_noitfy hwp_act_window hwp_epp tpr_shadow vnmi flexpriority ept vpid fsgsbase tsc_adjust bmi1 avx2 smep bmi2 erms invpcid mpx rdseed adx smap clflushopt xsaveopt xsavec xgetbv1 xsaves
bogomips	: 7388.68
clflush size	: 64
cache_alignment	: 64
address sizes	: 39 bits physical, 48 bits virtual
power management:

processor	: 3
vendor_id	: GenuineIntel
cpu family	: 6
model		: 94
model name	: Intel(R) Core(TM) i3-6100 CPU @ 3.70GHz
stepping	: 3
microcode	: 0x9e
cpu MHz		: 800.000
cache size	: 3072 KB
physical id	: 0
siblings	: 4
core id		: 1
cpu cores	: 2
apicid		: 3
initial apicid	: 3
fpu		: yes
fpu_exception	: yes
cpuid level	: 22
wp		: yes
flags		: fpu vme de pse tsc msr pae mce cx8 apic sep mtrr pge mca cmov pat pse36 clflush dts acpi mmx fxsr sse sse2 ss ht tm pbe syscall nx pdpe1gb rdtscp lm constant_tsc arch_perfmon pebs bts rep_good nopl xtopology nonstop_tsc aperfmperf eagerfpu pni pclmulqdq dtes64 monitor ds_cpl vmx est tm2 ssse3 fma cx16 xtpr pdcm pcid sse4_1 sse4_2 x2apic movbe popcnt tsc_deadline_timer aes xsave avx f16c rdrand lahf_lm abm 3dnowprefetch arat epb pln pts dtherm hwp hwp_noitfy hwp_act_window hwp_epp tpr_shadow vnmi flexpriority ept vpid fsgsbase tsc_adjust bmi1 avx2 smep bmi2 erms invpcid mpx rdseed adx smap clflushopt xsaveopt xsavec xgetbv1 xsaves
bogomips	: 7388.68
clflush size	: 64
cache_alignment	: 64
address sizes	: 39 bits physical, 48 bits virtual
power management:



Memory: 4k page, physical 7910240k(139272k free), swap 0k(0k free)

vm_info: Java HotSpot(TM) 64-Bit Server VM (25.66-b17) for linux-amd64 JRE (1.8.0_66-b17), built on Oct  6 2015 17:28:34 by "java_re" with gcc 4.3.0 20080428 (Red Hat 4.3.0-8)

time: Thu Oct 31 16:28:22 2019
elapsed time: 11 seconds (0d 0h 0m 11s)

