[INFO ] 2019-11-06 10:14:00.076 [main] org.springframework.test.context.support.AbstractTestContextBootstrapper - Neither @ContextConfiguration nor @ContextHierarchy found for test class [com.hertz.solar.NewRe1ApplicationTests], using SpringBootContextLoader
[INFO ] 2019-11-06 10:14:00.524 [main] org.springframework.test.context.support.AbstractContextLoader - Could not detect default resource locations for test class [com.hertz.solar.NewRe1ApplicationTests]: no resource found for suffixes {-context.xml, Context.groovy}.
[INFO ] 2019-11-06 10:14:00.525 [main] org.springframework.test.context.support.AnnotationConfigContextLoaderUtils - Could not detect default configuration classes for test class [com.hertz.solar.NewRe1ApplicationTests]: NewRe1ApplicationTests does not declare any static, non-private, non-final, nested classes annotated with @Configuration.
[INFO ] 2019-11-06 10:14:00.704 [main] org.springframework.boot.test.context.SpringBootTestContextBootstrapper - Found @SpringBootConfiguration com.hertz.solar.NewRe1Application for test class com.hertz.solar.NewRe1ApplicationTests
[INFO ] 2019-11-06 10:14:00.814 [main] org.springframework.test.context.support.AbstractTestContextBootstrapper - Loaded default TestExecutionListener class names from location [META-INF/spring.factories]: [org.springframework.boot.test.mock.mockito.MockitoTestExecutionListener, org.springframework.boot.test.mock.mockito.ResetMocksTestExecutionListener, org.springframework.boot.test.autoconfigure.restdocs.RestDocsTestExecutionListener, org.springframework.boot.test.autoconfigure.web.client.MockRestServiceServerResetTestExecutionListener, org.springframework.boot.test.autoconfigure.web.servlet.MockMvcPrintOnlyOnFailureTestExecutionListener, org.springframework.boot.test.autoconfigure.web.servlet.WebDriverTestExecutionListener, org.springframework.test.context.web.ServletTestExecutionListener, org.springframework.test.context.support.DirtiesContextBeforeModesTestExecutionListener, org.springframework.test.context.support.DependencyInjectionTestExecutionListener, org.springframework.test.context.support.DirtiesContextTestExecutionListener, org.springframework.test.context.transaction.TransactionalTestExecutionListener, org.springframework.test.context.jdbc.SqlScriptsTestExecutionListener, org.springframework.test.context.event.EventPublishingTestExecutionListener]
[INFO ] 2019-11-06 10:14:00.852 [main] org.springframework.test.context.support.AbstractTestContextBootstrapper - Using TestExecutionListeners: [org.springframework.test.context.web.ServletTestExecutionListener@484094a5, org.springframework.test.context.support.DirtiesContextBeforeModesTestExecutionListener@38234a38, org.springframework.boot.test.mock.mockito.MockitoTestExecutionListener@63fbfaeb, org.springframework.boot.test.autoconfigure.SpringBootDependencyInjectionTestExecutionListener@602e0143, org.springframework.test.context.support.DirtiesContextTestExecutionListener@2c07545f, org.springframework.test.context.transaction.TransactionalTestExecutionListener@e57b96d, org.springframework.test.context.jdbc.SqlScriptsTestExecutionListener@32c726ee, org.springframework.test.context.event.EventPublishingTestExecutionListener@22f31dec, org.springframework.boot.test.mock.mockito.ResetMocksTestExecutionListener@34c01041, org.springframework.boot.test.autoconfigure.restdocs.RestDocsTestExecutionListener@76f4b65, org.springframework.boot.test.autoconfigure.web.client.MockRestServiceServerResetTestExecutionListener@c94fd30, org.springframework.boot.test.autoconfigure.web.servlet.MockMvcPrintOnlyOnFailureTestExecutionListener@36328d33, org.springframework.boot.test.autoconfigure.web.servlet.WebDriverTestExecutionListener@2c4d1ac]
[INFO ] 2019-11-06 10:14:01.180 [main] org.springframework.boot.StartupInfoLogger - Starting NewRe1ApplicationTests on SELDL-101 with PID 13503 (started by user in /home/user/microservice-poc/new-re-1)
[INFO ] 2019-11-06 10:14:01.186 [main] org.springframework.boot.SpringApplication - No active profile set, falling back to default profiles: default
[INFO ] 2019-11-06 10:14:02.938 [main] org.springframework.data.repository.config.RepositoryConfigurationDelegate - Bootstrapping Spring Data repositories in DEFAULT mode.
[INFO ] 2019-11-06 10:14:03.030 [main] org.springframework.data.repository.config.RepositoryConfigurationDelegate - Finished Spring Data repository scanning in 87ms. Found 3 repository interfaces.
[INFO ] 2019-11-06 10:14:04.444 [main] com.mongodb.diagnostics.logging.SLF4JLogger - Cluster created with settings {hosts=[localhost:27017], mode=MULTIPLE, requiredClusterType=UNKNOWN, serverSelectionTimeout='30000 ms', maxWaitQueueSize=500}
[INFO ] 2019-11-06 10:14:04.445 [main] com.mongodb.diagnostics.logging.SLF4JLogger - Adding discovered server localhost:27017 to client view of cluster
[INFO ] 2019-11-06 10:14:04.801 [cluster-ClusterId{value='5dc24f94aed8d3133c8632ac', description='null'}-localhost:27017] com.mongodb.diagnostics.logging.SLF4JLogger - Opened connection [connectionId{localValue:1, serverValue:41}] to localhost:27017
[INFO ] 2019-11-06 10:14:04.807 [cluster-ClusterId{value='5dc24f94aed8d3133c8632ac', description='null'}-localhost:27017] com.mongodb.diagnostics.logging.SLF4JLogger - Monitor thread successfully connected to server with description ServerDescription{address=localhost:27017, type=STANDALONE, state=CONNECTED, ok=true, version=ServerVersion{versionList=[4, 0, 13]}, minWireVersion=0, maxWireVersion=7, maxDocumentSize=16777216, logicalSessionTimeoutMinutes=30, roundTripTimeNanos=3558883}
[INFO ] 2019-11-06 10:14:04.809 [cluster-ClusterId{value='5dc24f94aed8d3133c8632ac', description='null'}-localhost:27017] com.mongodb.diagnostics.logging.SLF4JLogger - Discovered cluster type of STANDALONE
[WARN ] 2019-11-06 10:14:04.894 [main] org.springframework.data.convert.CustomConversions - Registering converter from class java.time.LocalDateTime to class java.time.Instant as reading converter although it doesn't convert from a store-supported type! You might wanna check you annotation setup at the converter implementation.
[WARN ] 2019-11-06 10:14:04.895 [main] org.springframework.data.convert.CustomConversions - Registering converter from class java.time.Instant to class java.time.LocalDateTime as reading converter although it doesn't convert from a store-supported type! You might wanna check you annotation setup at the converter implementation.
[WARN ] 2019-11-06 10:14:05.025 [main] org.springframework.data.convert.CustomConversions - Registering converter from class java.time.LocalDateTime to class java.time.Instant as reading converter although it doesn't convert from a store-supported type! You might wanna check you annotation setup at the converter implementation.
[WARN ] 2019-11-06 10:14:05.026 [main] org.springframework.data.convert.CustomConversions - Registering converter from class java.time.Instant to class java.time.LocalDateTime as reading converter although it doesn't convert from a store-supported type! You might wanna check you annotation setup at the converter implementation.
[INFO ] 2019-11-06 10:14:05.862 [main] org.springframework.scheduling.concurrent.ExecutorConfigurationSupport - Initializing ExecutorService 'applicationTaskExecutor'
[INFO ] 2019-11-06 10:14:06.206 [main] org.springframework.boot.StartupInfoLogger - Started NewRe1ApplicationTests in 5.323 seconds (JVM running for 7.973)
[INFO ] 2019-11-06 10:14:06.540 [SpringContextShutdownHook] org.springframework.scheduling.concurrent.ExecutorConfigurationSupport - Shutting down ExecutorService 'applicationTaskExecutor'
[INFO ] 2019-11-06 10:14:35.002 [restartedMain] org.springframework.boot.StartupInfoLogger - Starting NewRe1Application on SELDL-101 with PID 13598 (/home/user/microservice-poc/new-re-1/target/classes started by user in /home/user/microservice-poc/new-re-1)
[INFO ] 2019-11-06 10:14:35.209 [restartedMain] org.springframework.boot.SpringApplication - No active profile set, falling back to default profiles: default
[INFO ] 2019-11-06 10:14:35.263 [restartedMain] org.springframework.boot.logging.DeferredLog - Devtools property defaults active! Set 'spring.devtools.add-properties' to 'false' to disable
[INFO ] 2019-11-06 10:14:35.264 [restartedMain] org.springframework.boot.logging.DeferredLog - For additional web related logging consider setting the 'logging.level.web' property to 'DEBUG'
[INFO ] 2019-11-06 10:14:35.573 [restartedMain] org.springframework.data.repository.config.RepositoryConfigurationDelegate - Bootstrapping Spring Data repositories in DEFAULT mode.
[INFO ] 2019-11-06 10:14:35.610 [restartedMain] org.springframework.data.repository.config.RepositoryConfigurationDelegate - Finished Spring Data repository scanning in 33ms. Found 3 repository interfaces.
[INFO ] 2019-11-06 10:14:36.128 [restartedMain] org.springframework.boot.web.embedded.tomcat.TomcatWebServer - Tomcat initialized with port(s): 8081 (http)
[INFO ] 2019-11-06 10:14:36.134 [restartedMain] org.apache.juli.logging.DirectJDKLog - Initializing ProtocolHandler ["http-nio-8081"]
[INFO ] 2019-11-06 10:14:36.135 [restartedMain] org.apache.juli.logging.DirectJDKLog - Starting service [Tomcat]
[INFO ] 2019-11-06 10:14:36.136 [restartedMain] org.apache.juli.logging.DirectJDKLog - Starting Servlet engine: [Apache Tomcat/9.0.27]
[INFO ] 2019-11-06 10:14:36.341 [restartedMain] org.apache.juli.logging.DirectJDKLog - At least one JAR was scanned for TLDs yet contained no TLDs. Enable debug logging for this logger for a complete list of JARs that were scanned but no TLDs were found in them. Skipping unneeded JARs during scanning can improve startup time and JSP compilation time.
[INFO ] 2019-11-06 10:14:36.344 [restartedMain] org.apache.juli.logging.DirectJDKLog - Initializing Spring embedded WebApplicationContext
[INFO ] 2019-11-06 10:14:36.345 [restartedMain] org.springframework.boot.web.servlet.context.ServletWebServerApplicationContext - Root WebApplicationContext: initialization completed in 1081 ms
[INFO ] 2019-11-06 10:14:36.571 [restartedMain] com.mongodb.diagnostics.logging.SLF4JLogger - Cluster created with settings {hosts=[localhost:27017], mode=MULTIPLE, requiredClusterType=UNKNOWN, serverSelectionTimeout='30000 ms', maxWaitQueueSize=500}
[INFO ] 2019-11-06 10:14:36.571 [restartedMain] com.mongodb.diagnostics.logging.SLF4JLogger - Adding discovered server localhost:27017 to client view of cluster
[INFO ] 2019-11-06 10:14:36.609 [cluster-ClusterId{value='5dc24fb48e8d1831b7e702ca', description='null'}-localhost:27017] com.mongodb.diagnostics.logging.SLF4JLogger - Opened connection [connectionId{localValue:1, serverValue:42}] to localhost:27017
[INFO ] 2019-11-06 10:14:36.613 [cluster-ClusterId{value='5dc24fb48e8d1831b7e702ca', description='null'}-localhost:27017] com.mongodb.diagnostics.logging.SLF4JLogger - Monitor thread successfully connected to server with description ServerDescription{address=localhost:27017, type=STANDALONE, state=CONNECTED, ok=true, version=ServerVersion{versionList=[4, 0, 13]}, minWireVersion=0, maxWireVersion=7, maxDocumentSize=16777216, logicalSessionTimeoutMinutes=30, roundTripTimeNanos=1853429}
[INFO ] 2019-11-06 10:14:36.614 [cluster-ClusterId{value='5dc24fb48e8d1831b7e702ca', description='null'}-localhost:27017] com.mongodb.diagnostics.logging.SLF4JLogger - Discovered cluster type of STANDALONE
[WARN ] 2019-11-06 10:14:36.648 [restartedMain] org.springframework.data.convert.CustomConversions - Registering converter from class java.time.LocalDateTime to class java.time.Instant as reading converter although it doesn't convert from a store-supported type! You might wanna check you annotation setup at the converter implementation.
[WARN ] 2019-11-06 10:14:36.649 [restartedMain] org.springframework.data.convert.CustomConversions - Registering converter from class java.time.Instant to class java.time.LocalDateTime as reading converter although it doesn't convert from a store-supported type! You might wanna check you annotation setup at the converter implementation.
[INFO ] 2019-11-06 10:14:36.705 [restartedMain] org.springframework.boot.devtools.autoconfigure.OptionalLiveReloadServer - LiveReload server is running on port 35729
[WARN ] 2019-11-06 10:14:36.721 [restartedMain] org.springframework.data.convert.CustomConversions - Registering converter from class java.time.LocalDateTime to class java.time.Instant as reading converter although it doesn't convert from a store-supported type! You might wanna check you annotation setup at the converter implementation.
[WARN ] 2019-11-06 10:14:36.722 [restartedMain] org.springframework.data.convert.CustomConversions - Registering converter from class java.time.Instant to class java.time.LocalDateTime as reading converter although it doesn't convert from a store-supported type! You might wanna check you annotation setup at the converter implementation.
[INFO ] 2019-11-06 10:14:36.928 [restartedMain] org.springframework.scheduling.concurrent.ExecutorConfigurationSupport - Initializing ExecutorService 'applicationTaskExecutor'
[INFO ] 2019-11-06 10:14:37.034 [restartedMain] org.apache.juli.logging.DirectJDKLog - Starting ProtocolHandler ["http-nio-8081"]
[INFO ] 2019-11-06 10:14:37.068 [restartedMain] org.springframework.boot.web.embedded.tomcat.TomcatWebServer - Tomcat started on port(s): 8081 (http) with context path ''
[INFO ] 2019-11-06 10:14:37.070 [restartedMain] org.springframework.boot.StartupInfoLogger - Started NewRe1Application in 2.317 seconds (JVM running for 3.448)
[INFO ] 2019-11-06 10:16:13.640 [http-nio-8081-exec-1] org.apache.juli.logging.DirectJDKLog - Initializing Spring DispatcherServlet 'dispatcherServlet'
[INFO ] 2019-11-06 10:16:13.641 [http-nio-8081-exec-1] org.springframework.web.servlet.FrameworkServlet - Initializing Servlet 'dispatcherServlet'
[INFO ] 2019-11-06 10:16:13.650 [http-nio-8081-exec-1] org.springframework.web.servlet.FrameworkServlet - Completed initialization in 8 ms
[INFO ] 2019-11-06 10:20:04.352 [http-nio-8081-exec-9] com.mongodb.diagnostics.logging.SLF4JLogger - Opened connection [connectionId{localValue:2, serverValue:43}] to localhost:27017
[INFO ] 2019-11-06 10:21:28.124 [Thread-7] org.springframework.scheduling.concurrent.ExecutorConfigurationSupport - Shutting down ExecutorService 'applicationTaskExecutor'
[INFO ] 2019-11-06 10:21:28.128 [Thread-7] com.mongodb.diagnostics.logging.SLF4JLogger - Closed connection [connectionId{localValue:2, serverValue:43}] to localhost:27017 because the pool has been closed.
